{"uuid":"9def67ef-bbd1-4ec9-bf5b-a10739ebabdf","historyId":"48fc84bac9f56db71cd64ae2b9144847","testCaseId":"bed714194b514e51fbd3df9d039cc90a","fullName":"src/test/resources/features/stack.feature:29","labels":[{"name":"tag","value":"Stackpage"},{"name":"host","value":"Sajith"},{"name":"thread","value":"9816@Sajith.main(1)"},{"name":"feature","value":"Stack Data Structure Navigation"},{"name":"story","value":"Output Testing with different sets of invalid data in Operations in Stack page"},{"name":"suite","value":"Stack Data Structure Navigation"},{"name":"testClass","value":"Output Testing with different sets of invalid data in Operations in Stack page"},{"name":"framework","value":"cucumber4jvm"},{"name":"language","value":"java"},{"name":"gherkin_uri","value":"file:///C:/DSAlgoProjectBDD/dsalgo-bdd/src/test/resources/features/stack.feature"},{"name":"package","value":"src.test.resources.features.stack_feature.Stack Data Structure Navigation"}],"links":[],"name":"Output Testing with different sets of invalid data in Operations in Stack page","status":"broken","statusDetails":{"known":false,"muted":false,"flaky":false,"message":"no such alert\n  (Session info: chrome=132.0.6834.160)\nBuild info: version: '4.27.0', revision: 'd6e718d134'\nSystem info: os.name: 'Windows 11', os.arch: 'amd64', os.version: '10.0', java.version: '21.0.4'\nDriver info: org.openqa.selenium.chrome.ChromeDriver\nCommand: [150026fad247254d49a6be0f86007bf4, getAlertText {}]\nCapabilities {acceptInsecureCerts: false, browserName: chrome, browserVersion: 132.0.6834.160, chrome: {chromedriverVersion: 132.0.6834.159 (2d77d3fc445..., userDataDir: C:\\Users\\sajit\\AppData\\Loca...}, fedcm:accounts: true, goog:chromeOptions: {debuggerAddress: localhost:53983}, networkConnectionEnabled: false, pageLoadStrategy: normal, platformName: windows, proxy: Proxy(), se:cdp: ws://localhost:53983/devtoo..., se:cdpVersion: 132.0.6834.160, setWindowRect: true, strictFileInteractability: false, timeouts: {implicit: 0, pageLoad: 300000, script: 30000}, unhandledPromptBehavior: dismiss and notify, webauthn:extension:credBlob: true, webauthn:extension:largeBlob: true, webauthn:extension:minPinLength: true, webauthn:extension:prf: true, webauthn:virtualAuthenticators: true}\nSession ID: 150026fad247254d49a6be0f86007bf4","trace":"org.openqa.selenium.NoAlertPresentException: no such alert\n  (Session info: chrome=132.0.6834.160)\nBuild info: version: '4.27.0', revision: 'd6e718d134'\nSystem info: os.name: 'Windows 11', os.arch: 'amd64', os.version: '10.0', java.version: '21.0.4'\nDriver info: org.openqa.selenium.chrome.ChromeDriver\nCommand: [150026fad247254d49a6be0f86007bf4, getAlertText {}]\nCapabilities {acceptInsecureCerts: false, browserName: chrome, browserVersion: 132.0.6834.160, chrome: {chromedriverVersion: 132.0.6834.159 (2d77d3fc445..., userDataDir: C:\\Users\\sajit\\AppData\\Loca...}, fedcm:accounts: true, goog:chromeOptions: {debuggerAddress: localhost:53983}, networkConnectionEnabled: false, pageLoadStrategy: normal, platformName: windows, proxy: Proxy(), se:cdp: ws://localhost:53983/devtoo..., se:cdpVersion: 132.0.6834.160, setWindowRect: true, strictFileInteractability: false, timeouts: {implicit: 0, pageLoad: 300000, script: 30000}, unhandledPromptBehavior: dismiss and notify, webauthn:extension:credBlob: true, webauthn:extension:largeBlob: true, webauthn:extension:minPinLength: true, webauthn:extension:prf: true, webauthn:virtualAuthenticators: true}\nSession ID: 150026fad247254d49a6be0f86007bf4\r\n\tat java.base/jdk.internal.reflect.DirectConstructorHandleAccessor.newInstance(DirectConstructorHandleAccessor.java:62)\r\n\tat java.base/java.lang.reflect.Constructor.newInstanceWithCaller(Constructor.java:502)\r\n\tat java.base/java.lang.reflect.Constructor.newInstance(Constructor.java:486)\r\n\tat org.openqa.selenium.remote.ErrorCodec.decode(ErrorCodec.java:167)\r\n\tat org.openqa.selenium.remote.codec.w3c.W3CHttpResponseCodec.decode(W3CHttpResponseCodec.java:138)\r\n\tat org.openqa.selenium.remote.codec.w3c.W3CHttpResponseCodec.decode(W3CHttpResponseCodec.java:50)\r\n\tat org.openqa.selenium.remote.HttpCommandExecutor.execute(HttpCommandExecutor.java:190)\r\n\tat org.openqa.selenium.remote.service.DriverCommandExecutor.invokeExecute(DriverCommandExecutor.java:216)\r\n\tat org.openqa.selenium.remote.service.DriverCommandExecutor.execute(DriverCommandExecutor.java:174)\r\n\tat org.openqa.selenium.remote.RemoteWebDriver.execute(RemoteWebDriver.java:545)\r\n\tat org.openqa.selenium.remote.RemoteWebDriver.execute(RemoteWebDriver.java:618)\r\n\tat org.openqa.selenium.remote.RemoteWebDriver.execute(RemoteWebDriver.java:622)\r\n\tat org.openqa.selenium.remote.RemoteWebDriver$RemoteTargetLocator.alert(RemoteWebDriver.java:1194)\r\n\tat pageObjects.StackPage.alert(StackPage.java:91)\r\n\tat stepDefinitions.StackStepDefinition.the_user_should_able_to_see_an_error_message_in_alert_window_of_stack_page(StackStepDefinition.java:87)\r\n\tat ✽.The user should able to see an error message in alert window of Stack page(file:///C:/DSAlgoProjectBDD/dsalgo-bdd/src/test/resources/features/stack.feature:25)\r\n"},"stage":"finished","steps":[{"name":"Given the user signs in to dsAlgo Portal","status":"passed","statusDetails":{"known":false,"muted":false,"flaky":false},"stage":"finished","steps":[],"attachments":[],"parameters":[],"start":1738514986492,"stop":1738514986492},{"name":"Given The user is in the tryEditor page of Stack","status":"passed","statusDetails":{"known":false,"muted":false,"flaky":false},"stage":"finished","steps":[],"attachments":[],"parameters":[],"start":1738514986492,"stop":1738514986705},{"name":"When The user clicks the Run Button after entering 1 from \"TryEditor\"","status":"passed","statusDetails":{"known":false,"muted":false,"flaky":false},"stage":"finished","steps":[],"attachments":[],"parameters":[],"start":1738514986705,"stop":1738514986709},{"name":"Then The user should able to see an error message in alert window of Stack page","status":"broken","statusDetails":{"known":false,"muted":false,"flaky":false,"message":"no such alert\n  (Session info: chrome=132.0.6834.160)\nBuild info: version: '4.27.0', revision: 'd6e718d134'\nSystem info: os.name: 'Windows 11', os.arch: 'amd64', os.version: '10.0', java.version: '21.0.4'\nDriver info: org.openqa.selenium.chrome.ChromeDriver\nCommand: [150026fad247254d49a6be0f86007bf4, getAlertText {}]\nCapabilities {acceptInsecureCerts: false, browserName: chrome, browserVersion: 132.0.6834.160, chrome: {chromedriverVersion: 132.0.6834.159 (2d77d3fc445..., userDataDir: C:\\Users\\sajit\\AppData\\Loca...}, fedcm:accounts: true, goog:chromeOptions: {debuggerAddress: localhost:53983}, networkConnectionEnabled: false, pageLoadStrategy: normal, platformName: windows, proxy: Proxy(), se:cdp: ws://localhost:53983/devtoo..., se:cdpVersion: 132.0.6834.160, setWindowRect: true, strictFileInteractability: false, timeouts: {implicit: 0, pageLoad: 300000, script: 30000}, unhandledPromptBehavior: dismiss and notify, webauthn:extension:credBlob: true, webauthn:extension:largeBlob: true, webauthn:extension:minPinLength: true, webauthn:extension:prf: true, webauthn:virtualAuthenticators: true}\nSession ID: 150026fad247254d49a6be0f86007bf4","trace":"org.openqa.selenium.NoAlertPresentException: no such alert\n  (Session info: chrome=132.0.6834.160)\nBuild info: version: '4.27.0', revision: 'd6e718d134'\nSystem info: os.name: 'Windows 11', os.arch: 'amd64', os.version: '10.0', java.version: '21.0.4'\nDriver info: org.openqa.selenium.chrome.ChromeDriver\nCommand: [150026fad247254d49a6be0f86007bf4, getAlertText {}]\nCapabilities {acceptInsecureCerts: false, browserName: chrome, browserVersion: 132.0.6834.160, chrome: {chromedriverVersion: 132.0.6834.159 (2d77d3fc445..., userDataDir: C:\\Users\\sajit\\AppData\\Loca...}, fedcm:accounts: true, goog:chromeOptions: {debuggerAddress: localhost:53983}, networkConnectionEnabled: false, pageLoadStrategy: normal, platformName: windows, proxy: Proxy(), se:cdp: ws://localhost:53983/devtoo..., se:cdpVersion: 132.0.6834.160, setWindowRect: true, strictFileInteractability: false, timeouts: {implicit: 0, pageLoad: 300000, script: 30000}, unhandledPromptBehavior: dismiss and notify, webauthn:extension:credBlob: true, webauthn:extension:largeBlob: true, webauthn:extension:minPinLength: true, webauthn:extension:prf: true, webauthn:virtualAuthenticators: true}\nSession ID: 150026fad247254d49a6be0f86007bf4\r\n\tat java.base/jdk.internal.reflect.DirectConstructorHandleAccessor.newInstance(DirectConstructorHandleAccessor.java:62)\r\n\tat java.base/java.lang.reflect.Constructor.newInstanceWithCaller(Constructor.java:502)\r\n\tat java.base/java.lang.reflect.Constructor.newInstance(Constructor.java:486)\r\n\tat org.openqa.selenium.remote.ErrorCodec.decode(ErrorCodec.java:167)\r\n\tat org.openqa.selenium.remote.codec.w3c.W3CHttpResponseCodec.decode(W3CHttpResponseCodec.java:138)\r\n\tat org.openqa.selenium.remote.codec.w3c.W3CHttpResponseCodec.decode(W3CHttpResponseCodec.java:50)\r\n\tat org.openqa.selenium.remote.HttpCommandExecutor.execute(HttpCommandExecutor.java:190)\r\n\tat org.openqa.selenium.remote.service.DriverCommandExecutor.invokeExecute(DriverCommandExecutor.java:216)\r\n\tat org.openqa.selenium.remote.service.DriverCommandExecutor.execute(DriverCommandExecutor.java:174)\r\n\tat org.openqa.selenium.remote.RemoteWebDriver.execute(RemoteWebDriver.java:545)\r\n\tat org.openqa.selenium.remote.RemoteWebDriver.execute(RemoteWebDriver.java:618)\r\n\tat org.openqa.selenium.remote.RemoteWebDriver.execute(RemoteWebDriver.java:622)\r\n\tat org.openqa.selenium.remote.RemoteWebDriver$RemoteTargetLocator.alert(RemoteWebDriver.java:1194)\r\n\tat pageObjects.StackPage.alert(StackPage.java:91)\r\n\tat stepDefinitions.StackStepDefinition.the_user_should_able_to_see_an_error_message_in_alert_window_of_stack_page(StackStepDefinition.java:87)\r\n\tat ✽.The user should able to see an error message in alert window of Stack page(file:///C:/DSAlgoProjectBDD/dsalgo-bdd/src/test/resources/features/stack.feature:25)\r\n"},"stage":"finished","steps":[],"attachments":[],"parameters":[],"start":1738514986709,"stop":1738514986759}],"attachments":[],"parameters":[{"name":"SheetName","value":"TryEditor"},{"name":"RowNumber","value":"1"}],"start":1738514986484,"stop":1738514986767}