{"uuid":"b6c4a1aa-b891-48f3-bcdb-7fecc24d6c66","historyId":"8f598f4e4dc20a4e82301ec066cb314c","testCaseId":"17cf6ab5f394e80d5758997442790a1e","fullName":"src/test/resources/features/login.feature:4","labels":[{"name":"tag","value":"LoginPage"},{"name":"host","value":"Sajith"},{"name":"thread","value":"16008@Sajith.main(1)"},{"name":"feature","value":"Sign in"},{"name":"story","value":"Verify that user is able to land on the Login Page"},{"name":"suite","value":"Sign in"},{"name":"testClass","value":"Verify that user is able to land on the Login Page"},{"name":"framework","value":"cucumber4jvm"},{"name":"language","value":"java"},{"name":"gherkin_uri","value":"file:///C:/DSAlgoProjectBDD/dsalgo-bdd/src/test/resources/features/login.feature"},{"name":"package","value":"src.test.resources.features.login_feature.Sign in"}],"links":[],"name":"Verify that user is able to land on the Login Page","status":"failed","statusDetails":{"known":false,"muted":false,"flaky":false,"message":"Test Failed! Expected to be on Sign In  page but found: data:, expected [true] but found [false]","trace":"java.lang.AssertionError: Test Failed! Expected to be on Sign In  page but found: data:, expected [true] but found [false]\r\n\tat org.testng.Assert.fail(Assert.java:111)\r\n\tat org.testng.Assert.failNotEquals(Assert.java:1578)\r\n\tat org.testng.Assert.assertTrue(Assert.java:57)\r\n\tat stepDefinitions.LoginStepDefinition.the_user_should_be_redirected_to_the_sign_in_page(LoginStepDefinition.java:40)\r\n\tat ✽.The user should be redirected to the Sign in page(file:///C:/DSAlgoProjectBDD/dsalgo-bdd/src/test/resources/features/login.feature:7)\r\n"},"stage":"finished","steps":[{"name":"Given The user is on the DS Algo Home Page","status":"passed","statusDetails":{"known":false,"muted":false,"flaky":false},"stage":"finished","steps":[],"attachments":[],"parameters":[],"start":1738443605928,"stop":1738443606795},{"name":"When The user clicks the Sign in link","status":"passed","statusDetails":{"known":false,"muted":false,"flaky":false},"stage":"finished","steps":[],"attachments":[],"parameters":[],"start":1738443606796,"stop":1738443607496},{"name":"Then The user should be redirected to the Sign in page","status":"failed","statusDetails":{"known":false,"muted":false,"flaky":false,"message":"Test Failed! Expected to be on Sign In  page but found: data:, expected [true] but found [false]","trace":"java.lang.AssertionError: Test Failed! Expected to be on Sign In  page but found: data:, expected [true] but found [false]\r\n\tat org.testng.Assert.fail(Assert.java:111)\r\n\tat org.testng.Assert.failNotEquals(Assert.java:1578)\r\n\tat org.testng.Assert.assertTrue(Assert.java:57)\r\n\tat stepDefinitions.LoginStepDefinition.the_user_should_be_redirected_to_the_sign_in_page(LoginStepDefinition.java:40)\r\n\tat ✽.The user should be redirected to the Sign in page(file:///C:/DSAlgoProjectBDD/dsalgo-bdd/src/test/resources/features/login.feature:7)\r\n"},"stage":"finished","steps":[],"attachments":[],"parameters":[],"start":1738443607496,"stop":1738443607512}],"attachments":[],"parameters":[],"start":1738443605858,"stop":1738443607745}