{"uuid":"e463be3f-c7d4-4107-a306-7ae9f33df64e","name":"testRunners.TestRunner","children":["e9cbdde9-54fe-4a01-8111-c75172da5b1d"],"befores":[{"name":"setUpClass","status":"broken","statusDetails":{"known":false,"muted":false,"flaky":false,"message":"Invalid tag expression at 'testRunners.TestRunner'","trace":"java.lang.IllegalArgumentException: Invalid tag expression at 'testRunners.TestRunner'\r\n\tat io.cucumber.core.options.CucumberOptionsAnnotationParser.addTags(CucumberOptionsAnnotationParser.java:77)\r\n\tat io.cucumber.core.options.CucumberOptionsAnnotationParser.parse(CucumberOptionsAnnotationParser.java:38)\r\n\tat io.cucumber.testng.TestNGCucumberRunner.<init>(TestNGCucumberRunner.java:85)\r\n\tat io.cucumber.testng.AbstractTestNGCucumberTests.setUpClass(AbstractTestNGCucumberTests.java:27)\r\n\tat java.base/jdk.internal.reflect.DirectMethodHandleAccessor.invoke(DirectMethodHandleAccessor.java:103)\r\n\tat java.base/java.lang.reflect.Method.invoke(Method.java:580)\r\n\tat org.testng.internal.invokers.MethodInvocationHelper.invokeMethod(MethodInvocationHelper.java:141)\r\n\tat org.testng.internal.invokers.MethodInvocationHelper.invokeMethodConsideringTimeout(MethodInvocationHelper.java:71)\r\n\tat org.testng.internal.invokers.ConfigInvoker.invokeConfigurationMethod(ConfigInvoker.java:400)\r\n\tat org.testng.internal.invokers.ConfigInvoker.invokeConfigurations(ConfigInvoker.java:333)\r\n\tat org.testng.internal.invokers.TestMethodWorker.invokeBeforeClassMethods(TestMethodWorker.java:188)\r\n\tat org.testng.internal.invokers.TestMethodWorker.run(TestMethodWorker.java:128)\r\n\tat java.base/java.util.ArrayList.forEach(ArrayList.java:1596)\r\n\tat org.testng.TestRunner.privateRun(TestRunner.java:739)\r\n\tat org.testng.TestRunner.run(TestRunner.java:614)\r\n\tat org.testng.SuiteRunner.runTest(SuiteRunner.java:421)\r\n\tat org.testng.SuiteRunner.runSequentially(SuiteRunner.java:413)\r\n\tat org.testng.SuiteRunner.privateRun(SuiteRunner.java:373)\r\n\tat org.testng.SuiteRunner.run(SuiteRunner.java:312)\r\n\tat org.testng.SuiteRunnerWorker.runSuite(SuiteRunnerWorker.java:52)\r\n\tat org.testng.SuiteRunnerWorker.run(SuiteRunnerWorker.java:95)\r\n\tat org.testng.TestNG.runSuitesSequentially(TestNG.java:1274)\r\n\tat org.testng.TestNG.runSuitesLocally(TestNG.java:1208)\r\n\tat org.testng.TestNG.runSuites(TestNG.java:1112)\r\n\tat org.testng.TestNG.run(TestNG.java:1079)\r\n\tat org.testng.remote.AbstractRemoteTestNG.run(AbstractRemoteTestNG.java:115)\r\n\tat org.testng.remote.RemoteTestNG.initAndRun(RemoteTestNG.java:293)\r\n\tat org.testng.remote.RemoteTestNG.main(RemoteTestNG.java:91)\r\nCaused by: io.cucumber.tagexpressions.TagExpressionException: Tag expression \"@LoginPage or @Homepage or@register or @DataStructuresPage or @Array or @linkedlist or @Stackpage or @Queuepage or @Queuepage or @TreeDataStructure or @GraphDatastructure\" could not be parsed because of syntax error: Expected operator.\r\n\tat io.cucumber.tagexpressions.TagExpressionParser.check(TagExpressionParser.java:127)\r\n\tat io.cucumber.tagexpressions.TagExpressionParser.parse(TagExpressionParser.java:76)\r\n\tat io.cucumber.tagexpressions.TagExpressionParser.parse(TagExpressionParser.java:29)\r\n\tat io.cucumber.core.options.CucumberOptionsAnnotationParser.addTags(CucumberOptionsAnnotationParser.java:75)\r\n\t... 27 more\r\n"},"stage":"finished","description":"","steps":[],"attachments":[],"parameters":[],"start":1738170715689,"stop":1738170715739},{"name":"setup","status":"broken","stage":"finished","description":"","steps":[],"attachments":[],"parameters":[],"start":1738170715914,"stop":1738170715914}],"afters":[{"name":"tearDownClass","status":"passed","stage":"finished","description":"","steps":[],"attachments":[],"parameters":[],"start":1738170715930,"stop":1738170715932}],"start":1738170715637,"stop":1738170715946}